Remove Pin from Net: Failed to remove Pin
Remove Pin from Net: Failed to remove Pin
Remove Pin from Net: Failed to remove Pin
Remove Pin from Net: Failed to remove Pin
Remove Pin from Net: Failed to remove Pin
Remove Pin from Net: Failed to remove Pin
Remove Pin from Net: Failed to remove Pin
Remove Pin from Net: Failed to remove Pin
Remove Pin from Net: Failed to remove Pin
Remove Pin from Net: Failed to remove Pin
Remove Pin from Net: Failed to remove Pin
Remove Pin from Net: Failed to remove Pin
Remove Pin from Net: Failed to remove Pin
Remove Pin from Net: Failed to remove Pin
Remove Pin from Net: Failed to remove Pin
Remove Pin from Net: Failed to remove Pin
Remove Pin from Net: Failed to remove Pin
Remove Pin from Net: Failed to remove Pin
Remove Pin from Net: Failed to remove Pin
Remove Pin from Net: Failed to remove Pin
Remove Pin from Net: Failed to remove Pin
Remove Pin from Net: Failed to remove Pin
Remove Pin from Net: Failed to remove Pin
Remove Pin from Net: Failed to remove Pin
Remove Pin from Net: Failed to remove Pin
Remove Pin from Net: Failed to remove Pin
Remove Pin from Net: Failed to remove Pin
Removed Member From Class: ClassName=Sheet1 Member=DD?
Change Component Designator: OldDesignator=DD? NewDesignator=DD1
Add component: Footprint Not Found AMPHENOL_MDT320M03001
Add component: Footprint Not Found STEWART_SS-52000-003
Added Pin To Net: NetName=PCIe_RX_P Pin=DD1-1
Added Pin To Net: NetName=PCIe_RX_P Pin=DD1-2
Added Pin To Net: NetName=PCIe_RX_P Pin=DD1-7
Added Pin To Net: NetName=PCIe_RX_P Pin=DD1-8
Added Pin To Net: NetName=PCIe_RX_P Pin=DD1-13
Added Pin To Net: NetName=PCIe_RX_P Pin=DD1-14
Added Pin To Net: NetName=PCIe_RX_P Pin=DD1-22
Added Pin To Net: NetName=PCIe_RX_P Pin=DD1-23
Added Pin To Net: NetName=PCIe_RX_P Pin=DD1-32
Added Pin To Net: NetName=PCIe_RX_P Pin=DD1-33
Added Pin To Net: NetName=PCIe_RX_P Pin=DD1-42
Added Pin To Net: NetName=PCIe_RX_P Pin=DD1-43
Added Pin To Net: NetName=PCIe_RX_P Pin=DD1-52
Added Pin To Net: NetName=PCIe_RX_P Pin=DD1-53
Added Pin To Net: NetName=PCIe_RX_P Pin=DD1-59
Added Pin To Net: NetName=PCIe_RX_P Pin=DD1-60
Added Pin To Net: NetName=PCIe_RX_P Pin=DD1-65
Added Pin To Net: NetName=PCIe_RX_P Pin=DD1-66
Added Pin To Net: NetName=PCIe_RX_P Pin=DD1-71
Added Pin To Net: NetName=PCIe_RX_P Pin=DD1-74
Added Pin To Net: NetName=+5Â_CM5 Pin=DD1-77
Added Pin To Net: NetName=+5Â_CM5 Pin=DD1-79
Added Pin To Net: NetName=+5Â_CM5 Pin=DD1-81
Added Pin To Net: NetName=+5Â_CM5 Pin=DD1-83
Added Pin To Net: NetName=+5Â_CM5 Pin=DD1-85
Added Pin To Net: NetName=+5Â_CM5 Pin=DD1-87
Added Pin To Net: NetName=PCIe_RX_P Pin=DD1-98
Add Pin To Net: Unknown Pin: Pin J1-1
Add Pin To Net: Unknown Pin: Pin J1-2
Add Pin To Net: Unknown Pin: Pin J1-3
Add Pin To Net: Unknown Pin: Pin J1-4
Add Pin To Net: Unknown Pin: Pin J1-9
Add Pin To Net: Unknown Pin: Pin J1-12
Add Pin To Net: Unknown Pin: Pin J1-14
Add Pin To Net: Unknown Pin: Pin J1-15
Add Pin To Net: Unknown Pin: Pin J1-16
Add Pin To Net: Unknown Pin: Pin J1-18
Add Pin To Net: Unknown Pin: Pin J1-21
Add Pin To Net: Unknown Pin: Pin J1-27
Add Pin To Net: Unknown Pin: Pin J1-33
Add Pin To Net: Unknown Pin: Pin J1-39
Add Pin To Net: Unknown Pin: Pin J1-41
Add Pin To Net: Unknown Pin: Pin J1-43
Add Pin To Net: Unknown Pin: Pin J1-45
Add Pin To Net: Unknown Pin: Pin J1-47
Add Pin To Net: Unknown Pin: Pin J1-49
Add Pin To Net: Unknown Pin: Pin J1-51
Add Pin To Net: Unknown Pin: Pin J1-53
Add Pin To Net: Unknown Pin: Pin J1-55
Add Pin To Net: Unknown Pin: Pin J1-57
Add Pin To Net: Unknown Pin: Pin J1-70
Add Pin To Net: Unknown Pin: Pin J1-71
Add Pin To Net: Unknown Pin: Pin J1-72
Add Pin To Net: Unknown Pin: Pin J1-73
Add Pin To Net: Unknown Pin: Pin J1-74
Add Pin To Net: Unknown Pin: Pin J1-75
Add Pin To Net: Unknown Pin: Pin J2-1
Add Pin To Net: Unknown Pin: Pin J2-2
Add Pin To Net: Unknown Pin: Pin J2-3
Add Pin To Net: Unknown Pin: Pin J2-4
Add Pin To Net: Unknown Pin: Pin J2-5
Add Pin To Net: Unknown Pin: Pin J2-6
Add Pin To Net: Unknown Pin: Pin J2-7
Add Pin To Net: Unknown Pin: Pin J2-8
Add Pin To Net: Unknown Pin: Pin J2-9
Add Pin To Net: Unknown Pin: Pin J2-10
Add Pin To Net: Unknown Pin: Pin J2-11
Add Pin To Net: Unknown Pin: Pin J2-12
Add Pin To Net: Unknown Pin: Pin J2-13
Add Pin To Net: Unknown Pin: Pin J2-14
Add Pin To Net: Unknown Pin: Pin J2-15
Add Pin To Net: Unknown Pin: Pin J2-16
Add Pin To Net: Unknown Pin: Pin J2-17
Add Pin To Net: Unknown Pin: Pin J2-18
Add Pin To Net: Unknown Pin: Pin J2-SH1
Add Pin To Net: Unknown Pin: Pin J2-SH2
Add Pin To Net: Unknown Pin: Pin J2-SH3
Add Pin To Net: Unknown Pin: Pin J2-SH4
Added Pin To Net: NetName=NetDD1_57 Pin=DD1-57
Added Net: Name=NetDD1_57
Added Pin To Net: NetName=NetDD1_61 Pin=DD1-61
Added Net: Name=NetDD1_61
Added Pin To Net: NetName=NetDD1_62 Pin=DD1-62
Added Net: Name=NetDD1_62
Added Pin To Net: NetName=NetDD1_63 Pin=DD1-63
Added Net: Name=NetDD1_63
Added Pin To Net: NetName=NetDD1_67 Pin=DD1-67
Added Net: Name=NetDD1_67
Added Pin To Net: NetName=NetDD1_69 Pin=DD1-69
Added Net: Name=NetDD1_69
Added Pin To Net: NetName=NetDD1_75 Pin=DD1-75
Added Net: Name=NetDD1_75
Added Pin To Net: NetName=NetDD1_102 Pin=DD1-102
Added Net: Name=NetDD1_102
Added Pin To Net: NetName=NetDD1_104 Pin=DD1-104
Added Net: Name=NetDD1_104
Added Pin To Net: NetName=NetDD1_106 Pin=DD1-106
Added Net: Name=NetDD1_106
Added Member To Class: ClassName=Sheet1 Member=Component DD1 CM5
Add Class Member: Failed to add class member : Component J1 PCIe M2
Add Class Member: Failed to add class member : Component J2 USB_3.0
