Added Component: Designator=J1(PCIe M2)
Add component (AddParameter): Name = "Check_prices"; Value = "https://www.snapeda.com/parts/MDT320M03001/Amphenol/view-part/?ref=eda"; VariantName = "[No Variations]"
Add component (AddParameter): Name = "MF"; Value = "Amphenol"; VariantName = "[No Variations]"
Add component (AddParameter): Name = "MP"; Value = "MDT320M03001"; VariantName = "[No Variations]"
Add component (AddParameter): Name = "Package"; Value = "None"; VariantName = "[No Variations]"
Add component (AddParameter): Name = "Part Number"; Value = "PCIe M2"; VariantName = "[No Variations]"
Add component (AddParameter): Name = "SnapEDA_Link"; Value = "https://www.snapeda.com/parts/MDT320M03001/Amphenol/view-part/?ref=snap"; VariantName = "[No Variations]"
Add component (AddParameter): Name = "Value"; Value = ""; VariantName = "[No Variations]"
Added Component: Designator=J2(USB_3.0)
Add component (AddParameter): Name = "Check_prices"; Value = "https://www.snapeda.com/parts/SS-52000-003/Stewart+Connector/view-part/?ref=eda"; VariantName = "[No Variations]"
Add component (AddParameter): Name = "MF"; Value = "Stewart Connector"; VariantName = "[No Variations]"
Add component (AddParameter): Name = "MP"; Value = "SS-52000-003"; VariantName = "[No Variations]"
Add component (AddParameter): Name = "Package"; Value = "None"; VariantName = "[No Variations]"
Add component (AddParameter): Name = "Part Number"; Value = "USB_3.0"; VariantName = "[No Variations]"
Add component (AddParameter): Name = "SnapEDA_Link"; Value = "https://www.snapeda.com/parts/SS-52000-003/Stewart+Connector/view-part/?ref=snap"; VariantName = "[No Variations]"
Add component (AddParameter): Name = "Value"; Value = ""; VariantName = "[No Variations]"
Added Pin To Net: NetName=M2_GND Pin=J1-1
Added Pin To Net: NetName=3.3Â_M2 Pin=J1-2
Added Pin To Net: NetName=M2_GND Pin=J1-3
Added Pin To Net: NetName=3.3Â_M2 Pin=J1-4
Added Pin To Net: NetName=M2_GND Pin=J1-9
Added Pin To Net: NetName=3.3Â_M2 Pin=J1-12
Added Pin To Net: NetName=3.3Â_M2 Pin=J1-14
Added Pin To Net: NetName=M2_GND Pin=J1-15
Added Pin To Net: NetName=3.3Â_M2 Pin=J1-16
Added Pin To Net: NetName=3.3Â_M2 Pin=J1-18
Added Pin To Net: NetName=M2_GND Pin=J1-21
Added Pin To Net: NetName=M2_GND Pin=J1-27
Added Pin To Net: NetName=M2_GND Pin=J1-33
Added Pin To Net: NetName=M2_GND Pin=J1-39
Added Pin To Net: NetName=PCIe_RX_N Pin=J1-41
Added Pin To Net: NetName=PCIe_RX_P Pin=J1-43
Added Pin To Net: NetName=M2_GND Pin=J1-45
Added Pin To Net: NetName=PCIe_TX_N Pin=J1-47
Added Pin To Net: NetName=PCIe_TX_P Pin=J1-49
Added Pin To Net: NetName=NetDD1_106 Pin=J1-50
Added Pin To Net: NetName=M2_GND Pin=J1-51
Added Pin To Net: NetName=NetDD1_102 Pin=J1-52
Added Pin To Net: NetName=PCIe_CLK_P Pin=J1-53
Added Pin To Net: NetName=NetDD1_104 Pin=J1-54
Added Pin To Net: NetName=PCIe_CLK_N Pin=J1-55
Added Pin To Net: NetName=M2_GND Pin=J1-57
Added Pin To Net: NetName=3.3Â_M2 Pin=J1-70
Added Pin To Net: NetName=M2_GND Pin=J1-71
Added Pin To Net: NetName=3.3Â_M2 Pin=J1-72
Added Pin To Net: NetName=M2_GND Pin=J1-73
Added Pin To Net: NetName=3.3Â_M2 Pin=J1-74
Added Pin To Net: NetName=M2_GND Pin=J1-75
Added Pin To Net: NetName=5Â Pin=J2-1
Added Pin To Net: NetName=D_N Pin=J2-2
Added Pin To Net: NetName=D_P Pin=J2-3
Added Pin To Net: NetName=PCIe_RX_P Pin=J2-4
Added Pin To Net: NetName=RX_N Pin=J2-5
Added Pin To Net: NetName=RX_P Pin=J2-6
Added Pin To Net: NetName=PCIe_RX_P Pin=J2-7
Added Pin To Net: NetName=TX_N Pin=J2-8
Added Pin To Net: NetName=TX_P Pin=J2-9
Added Pin To Net: NetName=5Â Pin=J2-10
Added Pin To Net: NetName=D1_N Pin=J2-11
Added Pin To Net: NetName=D1_P Pin=J2-12
Added Pin To Net: NetName=PCIe_RX_P Pin=J2-13
Added Pin To Net: NetName=RX1_N Pin=J2-14
Added Pin To Net: NetName=RX1_P Pin=J2-15
Added Pin To Net: NetName=PCIe_RX_P Pin=J2-16
Added Pin To Net: NetName=TX1_N Pin=J2-17
Added Pin To Net: NetName=TX1_P Pin=J2-18
Added Pin To Net: NetName=PCIe_RX_P Pin=J2-SH1
Added Pin To Net: NetName=PCIe_RX_P Pin=J2-SH2
Added Pin To Net: NetName=PCIe_RX_P Pin=J2-SH3
Added Pin To Net: NetName=PCIe_RX_P Pin=J2-SH4
Added Member To Class: ClassName=Connectors Member=Component J1 PCIe M2
Added Member To Class: ClassName=Connectors Member=Component J2 USB_3.0
Added Rule: Name=Schematic Supply Nets
Added Rule: Name=Schematic Supply Nets_1
Added Rule: Name=Schematic Supply Nets_2
Added Rule: Name=Schematic Supply Nets_3
Added Rule: Name=Schematic Supply Nets_4
