Added Component: Designator=DD1(CM4-DF40HC(3.0)-100DS-0.4v_3mm_1.5mm)
Add component (AddParameter): Name = "Part Number"; Value = "CM5"; VariantName = "[No Variations]"
Added Component: Designator=J1(PCIe M2)
Add component (AddParameter): Name = "Check_prices"; Value = "https://www.snapeda.com/parts/MDT320M03001/Amphenol/view-part/?ref=eda"; VariantName = "[No Variations]"
Add component (AddParameter): Name = "MF"; Value = "Amphenol"; VariantName = "[No Variations]"
Add component (AddParameter): Name = "MP"; Value = "MDT320M03001"; VariantName = "[No Variations]"
Add component (AddParameter): Name = "Package"; Value = "None"; VariantName = "[No Variations]"
Add component (AddParameter): Name = "Part Number"; Value = "PCIe M2"; VariantName = "[No Variations]"
Add component (AddParameter): Name = "SnapEDA_Link"; Value = "https://www.snapeda.com/parts/MDT320M03001/Amphenol/view-part/?ref=snap"; VariantName = "[No Variations]"
Add component (AddParameter): Name = "Value"; Value = ""; VariantName = "[No Variations]"
Added Component: Designator=J2(USB_3.0)
Add component (AddParameter): Name = "Check_prices"; Value = "https://www.snapeda.com/parts/SS-52000-003/Stewart+Connector/view-part/?ref=eda"; VariantName = "[No Variations]"
Add component (AddParameter): Name = "MF"; Value = "Stewart Connector"; VariantName = "[No Variations]"
Add component (AddParameter): Name = "MP"; Value = "SS-52000-003"; VariantName = "[No Variations]"
Add component (AddParameter): Name = "Package"; Value = "None"; VariantName = "[No Variations]"
Add component (AddParameter): Name = "Part Number"; Value = "USB_3.0"; VariantName = "[No Variations]"
Add component (AddParameter): Name = "SnapEDA_Link"; Value = "https://www.snapeda.com/parts/SS-52000-003/Stewart+Connector/view-part/?ref=snap"; VariantName = "[No Variations]"
Add component (AddParameter): Name = "Value"; Value = ""; VariantName = "[No Variations]"
Added Component: Designator=J3(CUI_MSD-10-C)
Add component (AddParameter): Name = "Check_prices"; Value = "https://www.snapeda.com/parts/MSD-10-C/Same+Sky/view-part/?ref=eda"; VariantName = "[No Variations]"
Add component (AddParameter): Name = "MF"; Value = "Same Sky"; VariantName = "[No Variations]"
Add component (AddParameter): Name = "MP"; Value = "MSD-10-C"; VariantName = "[No Variations]"
Add component (AddParameter): Name = "Package"; Value = "None"; VariantName = "[No Variations]"
Add component (AddParameter): Name = "SnapEDA_Link"; Value = "https://www.snapeda.com/parts/MSD-10-C/Same+Sky/view-part/?ref=snap"; VariantName = "[No Variations]"
Add component (AddParameter): Name = "Value"; Value = ""; VariantName = "[No Variations]"
Added Pin To Net: NetName=+3.3Â_M2 Pin=J1-2
Added Pin To Net: NetName=+3.3Â_M2 Pin=J1-4
Added Pin To Net: NetName=+3.3Â_M2 Pin=J1-12
Added Pin To Net: NetName=+3.3Â_M2 Pin=J1-14
Added Pin To Net: NetName=+3.3Â_M2 Pin=J1-16
Added Pin To Net: NetName=+3.3Â_M2 Pin=J1-18
Added Pin To Net: NetName=+3.3Â_M2 Pin=J1-70
Added Pin To Net: NetName=+3.3Â_M2 Pin=J1-72
Added Pin To Net: NetName=+3.3Â_M2 Pin=J1-74
Added Net: Name=+3.3Â_M2
Added Pin To Net: NetName=+5Â_CM5 Pin=DD1-77
Added Pin To Net: NetName=+5Â_CM5 Pin=DD1-79
Added Pin To Net: NetName=+5Â_CM5 Pin=DD1-81
Added Pin To Net: NetName=+5Â_CM5 Pin=DD1-83
Added Pin To Net: NetName=+5Â_CM5 Pin=DD1-85
Added Pin To Net: NetName=+5Â_CM5 Pin=DD1-87
Added Net: Name=+5Â_CM5
Added Pin To Net: NetName=+5Â_SD Pin=J3-04
Added Net: Name=+5Â_SD
Added Pin To Net: NetName=+5Â Pin=J2-1
Added Pin To Net: NetName=+5Â Pin=J2-10
Added Net: Name=+5Â
Added Pin To Net: NetName=D1_N Pin=DD1-165
Added Pin To Net: NetName=D1_N Pin=J2-11
Added Net: Name=D1_N
Added Pin To Net: NetName=D1_P Pin=DD1-163
Added Pin To Net: NetName=D1_P Pin=J2-12
Added Net: Name=D1_P
Added Pin To Net: NetName=D_N Pin=DD1-136
Added Pin To Net: NetName=D_N Pin=J2-2
Added Net: Name=D_N
Added Pin To Net: NetName=D_P Pin=DD1-134
Added Pin To Net: NetName=D_P Pin=J2-3
Added Net: Name=D_P
Added Pin To Net: NetName=GND Pin=DD1-1
Added Pin To Net: NetName=GND Pin=DD1-2
Added Pin To Net: NetName=GND Pin=DD1-7
Added Pin To Net: NetName=GND Pin=DD1-8
Added Pin To Net: NetName=GND Pin=DD1-13
Added Pin To Net: NetName=GND Pin=DD1-14
Added Pin To Net: NetName=GND Pin=DD1-22
Added Pin To Net: NetName=GND Pin=DD1-23
Added Pin To Net: NetName=GND Pin=DD1-32
Added Pin To Net: NetName=GND Pin=DD1-33
Added Pin To Net: NetName=GND Pin=DD1-42
Added Pin To Net: NetName=GND Pin=DD1-43
Added Pin To Net: NetName=GND Pin=DD1-52
Added Pin To Net: NetName=GND Pin=DD1-53
Added Pin To Net: NetName=GND Pin=DD1-59
Added Pin To Net: NetName=GND Pin=DD1-60
Added Pin To Net: NetName=GND Pin=DD1-65
Added Pin To Net: NetName=GND Pin=DD1-66
Added Pin To Net: NetName=GND Pin=DD1-71
Added Pin To Net: NetName=GND Pin=DD1-74
Added Pin To Net: NetName=GND Pin=DD1-98
Added Pin To Net: NetName=GND Pin=DD1-107
Added Pin To Net: NetName=GND Pin=DD1-108
Added Pin To Net: NetName=GND Pin=DD1-113
Added Pin To Net: NetName=GND Pin=DD1-114
Added Pin To Net: NetName=GND Pin=DD1-119
Added Pin To Net: NetName=GND Pin=DD1-120
Added Pin To Net: NetName=GND Pin=DD1-125
Added Pin To Net: NetName=GND Pin=DD1-126
Added Pin To Net: NetName=GND Pin=DD1-131
Added Pin To Net: NetName=GND Pin=DD1-132
Added Pin To Net: NetName=GND Pin=DD1-137
Added Pin To Net: NetName=GND Pin=DD1-138
Added Pin To Net: NetName=GND Pin=DD1-144
Added Pin To Net: NetName=GND Pin=DD1-150
Added Pin To Net: NetName=GND Pin=DD1-155
Added Pin To Net: NetName=GND Pin=DD1-156
Added Pin To Net: NetName=GND Pin=DD1-161
Added Pin To Net: NetName=GND Pin=DD1-162
Added Pin To Net: NetName=GND Pin=DD1-167
Added Pin To Net: NetName=GND Pin=DD1-168
Added Pin To Net: NetName=GND Pin=DD1-173
Added Pin To Net: NetName=GND Pin=DD1-174
Added Pin To Net: NetName=GND Pin=DD1-179
Added Pin To Net: NetName=GND Pin=DD1-180
Added Pin To Net: NetName=GND Pin=DD1-185
Added Pin To Net: NetName=GND Pin=DD1-186
Added Pin To Net: NetName=GND Pin=DD1-191
Added Pin To Net: NetName=GND Pin=DD1-192
Added Pin To Net: NetName=GND Pin=DD1-197
Added Pin To Net: NetName=GND Pin=DD1-198
Added Pin To Net: NetName=GND Pin=J2-4
Added Pin To Net: NetName=GND Pin=J2-7
Added Pin To Net: NetName=GND Pin=J2-13
Added Pin To Net: NetName=GND Pin=J2-16
Added Pin To Net: NetName=GND Pin=J2-SH1
Added Pin To Net: NetName=GND Pin=J2-SH2
Added Pin To Net: NetName=GND Pin=J2-SH3
Added Pin To Net: NetName=GND Pin=J2-SH4
Added Pin To Net: NetName=GND Pin=J3-06
Added Pin To Net: NetName=GND Pin=J3-G1
Added Pin To Net: NetName=GND Pin=J3-G2
Added Pin To Net: NetName=GND Pin=J3-G3
Added Pin To Net: NetName=GND Pin=J3-G4
Added Net: Name=GND
Added Pin To Net: NetName=M2_GND Pin=J1-1
Added Pin To Net: NetName=M2_GND Pin=J1-3
Added Pin To Net: NetName=M2_GND Pin=J1-9
Added Pin To Net: NetName=M2_GND Pin=J1-15
Added Pin To Net: NetName=M2_GND Pin=J1-21
Added Pin To Net: NetName=M2_GND Pin=J1-27
Added Pin To Net: NetName=M2_GND Pin=J1-33
Added Pin To Net: NetName=M2_GND Pin=J1-39
Added Pin To Net: NetName=M2_GND Pin=J1-45
Added Pin To Net: NetName=M2_GND Pin=J1-51
Added Pin To Net: NetName=M2_GND Pin=J1-57
Added Pin To Net: NetName=M2_GND Pin=J1-71
Added Pin To Net: NetName=M2_GND Pin=J1-73
Added Pin To Net: NetName=M2_GND Pin=J1-75
Added Net: Name=M2_GND
Added Pin To Net: NetName=NetDD1_57 Pin=DD1-57
Added Pin To Net: NetName=NetDD1_57 Pin=J3-05
Added Net: Name=NetDD1_57
Added Pin To Net: NetName=NetDD1_61 Pin=DD1-61
Added Pin To Net: NetName=NetDD1_61 Pin=J3-02
Added Net: Name=NetDD1_61
Added Pin To Net: NetName=NetDD1_62 Pin=DD1-62
Added Pin To Net: NetName=NetDD1_62 Pin=J3-03
Added Net: Name=NetDD1_62
Added Pin To Net: NetName=NetDD1_63 Pin=DD1-63
Added Pin To Net: NetName=NetDD1_63 Pin=J3-07
Added Net: Name=NetDD1_63
Added Pin To Net: NetName=NetDD1_67 Pin=DD1-67
Added Pin To Net: NetName=NetDD1_67 Pin=J3-08
Added Net: Name=NetDD1_67
Added Pin To Net: NetName=NetDD1_69 Pin=DD1-69
Added Pin To Net: NetName=NetDD1_69 Pin=J3-01
Added Net: Name=NetDD1_69
Added Pin To Net: NetName=NetDD1_75 Pin=DD1-75
Added Net: Name=NetDD1_75
Added Pin To Net: NetName=NetDD1_102 Pin=DD1-102
Added Pin To Net: NetName=NetDD1_102 Pin=J1-52
Added Net: Name=NetDD1_102
Added Pin To Net: NetName=NetDD1_104 Pin=DD1-104
Added Pin To Net: NetName=NetDD1_104 Pin=J1-54
Added Net: Name=NetDD1_104
Added Pin To Net: NetName=NetDD1_106 Pin=DD1-106
Added Pin To Net: NetName=NetDD1_106 Pin=J1-50
Added Net: Name=NetDD1_106
Added Pin To Net: NetName=PCIe_CLK_N Pin=DD1-112
Added Pin To Net: NetName=PCIe_CLK_N Pin=J1-55
Added Net: Name=PCIe_CLK_N
Added Pin To Net: NetName=PCIe_CLK_P Pin=DD1-110
Added Pin To Net: NetName=PCIe_CLK_P Pin=J1-53
Added Net: Name=PCIe_CLK_P
Added Pin To Net: NetName=PCIe_RX_N Pin=DD1-118
Added Pin To Net: NetName=PCIe_RX_N Pin=J1-41
Added Net: Name=PCIe_RX_N
Added Pin To Net: NetName=PCIe_RX_P Pin=DD1-116
Added Pin To Net: NetName=PCIe_RX_P Pin=J1-43
Added Net: Name=PCIe_RX_P
Added Pin To Net: NetName=PCIe_TX_N Pin=DD1-124
Added Pin To Net: NetName=PCIe_TX_N Pin=J1-47
Added Net: Name=PCIe_TX_N
Added Pin To Net: NetName=PCIe_TX_P Pin=DD1-122
Added Pin To Net: NetName=PCIe_TX_P Pin=J1-49
Added Net: Name=PCIe_TX_P
Added Pin To Net: NetName=RX1_N Pin=DD1-157
Added Pin To Net: NetName=RX1_N Pin=J2-14
Added Net: Name=RX1_N
Added Pin To Net: NetName=RX1_P Pin=DD1-159
Added Pin To Net: NetName=RX1_P Pin=J2-15
Added Net: Name=RX1_P
Added Pin To Net: NetName=RX_N Pin=DD1-128
Added Pin To Net: NetName=RX_N Pin=J2-5
Added Net: Name=RX_N
Added Pin To Net: NetName=RX_P Pin=DD1-130
Added Pin To Net: NetName=RX_P Pin=J2-6
Added Net: Name=RX_P
Added Pin To Net: NetName=TX1_N Pin=DD1-169
Added Pin To Net: NetName=TX1_N Pin=J2-17
Added Net: Name=TX1_N
Added Pin To Net: NetName=TX1_P Pin=DD1-171
Added Pin To Net: NetName=TX1_P Pin=J2-18
Added Net: Name=TX1_P
Added Pin To Net: NetName=TX_N Pin=DD1-140
Added Pin To Net: NetName=TX_N Pin=J2-8
Added Net: Name=TX_N
Added Pin To Net: NetName=TX_P Pin=DD1-142
Added Pin To Net: NetName=TX_P Pin=J2-9
Added Net: Name=TX_P
Added Class: Name=Connectors
Added Class: Name=Sheet1
Added Class: Name=USB3.0
Added Differential Pair: Name=D1
Added Differential Pair: Name=D
Added Differential Pair: Name=PCIe_CLK
Added Differential Pair: Name=PCIe_RX
Added Differential Pair: Name=PCIe_TX
Added Differential Pair: Name=RX1
Added Differential Pair: Name=RX
Added Differential Pair: Name=TX1
Added Differential Pair: Name=TX
Added Rule: Name=Schematic Supply Nets
Added Rule: Name=Schematic Supply Nets_1
Added Rule: Name=Schematic Supply Nets_2
Added Rule: Name=Schematic Supply Nets_3
Added Rule: Name=Schematic Supply Nets_4
Added Rule: Name=Schematic Supply Nets_5
